2025-11-15 19:12:35,371 [INFO] Selected move: d7d5
2025-11-15 19:12:35,373 [INFO] Score: -0.43
2025-11-15 19:12:35,373 [INFO] Depth completed: 1
2025-11-15 19:12:35,373 [INFO] Nodes searched: 156
2025-11-15 19:12:35,373 [INFO] Top moves: [('d7d5', '0.054'), ('c7c5', '0.054'), ('b7b5', '0.054'), ('a7a5', '0.054'), ('b8c6', '0.052')]
2025-11-15 19:12:35,374 [INFO] ============================================================

2025-11-15 19:12:38,537 [INFO] Selected move: d5e4
2025-11-15 19:12:38,538 [INFO] Score: -0.19
2025-11-15 19:12:38,538 [INFO] Depth completed: 1
2025-11-15 19:12:38,538 [INFO] Nodes searched: 144
2025-11-15 19:12:38,547 [INFO] Top moves: [('d5e4', '0.036'), ('g8h6', '0.036'), ('g8f6', '0.036'), ('e8d7', '0.036'), ('d8d7', '0.036')]
2025-11-15 19:12:38,548 [INFO] ============================================================

2025-11-15 19:12:41,663 [INFO] Selected move: g8f6
2025-11-15 19:12:41,664 [INFO] Score: -0.11
2025-11-15 19:12:41,664 [INFO] Depth completed: 1
2025-11-15 19:12:41,664 [INFO] Nodes searched: 141
2025-11-15 19:12:41,664 [INFO] Top moves: [('g8f6', '0.035'), ('e8d7', '0.035'), ('d8d7', '0.035'), ('d8d6', '0.035'), ('d8d5', '0.035')]
2025-11-15 19:12:41,664 [INFO] ============================================================

2025-11-15 19:12:45,538 [INFO] Selected move: e7e6
2025-11-15 19:12:45,539 [INFO] Score: 0.62
2025-11-15 19:12:45,539 [INFO] Depth completed: 1
2025-11-15 19:12:45,539 [INFO] Nodes searched: 115
2025-11-15 19:12:45,539 [INFO] Top moves: [('e7e6', '0.054'), ('c7c6', '0.054'), ('b7b6', '0.054'), ('a7a6', '0.054'), ('e4e3', '0.054')]
2025-11-15 19:12:45,540 [INFO] ============================================================

2025-11-15 19:12:52,455 [INFO] Selected move: h8g8
2025-11-15 19:12:52,455 [INFO] Score: 0.00
2025-11-15 19:12:52,455 [INFO] Depth completed: 0
2025-11-15 19:12:52,456 [INFO] Nodes searched: 94
2025-11-15 19:12:52,456 [INFO] Top moves: [('h8g8', '1.000')]
2025-11-15 19:12:52,456 [INFO] ============================================================

2025-11-15 19:17:20,432 [INFO] Selected move: g7f6
2025-11-15 19:17:20,432 [INFO] Score: 0.13
2025-11-15 19:17:20,432 [INFO] Depth completed: 1
2025-11-15 19:17:20,433 [INFO] Nodes searched: 135
2025-11-15 19:17:20,433 [INFO] Top moves: [('g7f6', '0.033'), ('d8f6', '0.033'), ('d8d4', '0.033'), ('g8h8', '0.033'), ('f8e7', '0.033')]
2025-11-15 19:17:20,433 [INFO] ============================================================

2025-11-15 19:17:35,737 [INFO] Selected move: g8g2
2025-11-15 19:17:35,738 [INFO] Score: 0.69
2025-11-15 19:17:35,738 [INFO] Depth completed: 1
2025-11-15 19:17:35,738 [INFO] Nodes searched: 121
2025-11-15 19:17:35,738 [INFO] Top moves: [('g8g2', '0.029'), ('d8d4', '0.029'), ('f8b4', '0.029'), ('g8h8', '0.029'), ('g8g7', '0.029')]
2025-11-15 19:17:35,739 [INFO] ============================================================

2025-11-15 19:17:39,703 [INFO] Selected move: f8g7
2025-11-15 19:17:39,703 [INFO] Score: 0.00
2025-11-15 19:17:39,704 [INFO] Depth completed: 0
2025-11-15 19:17:39,704 [INFO] Nodes searched: 102
2025-11-15 19:17:39,704 [INFO] Top moves: [('f8g7', '1.000')]
2025-11-15 19:17:39,704 [INFO] ============================================================

2025-11-15 19:17:56,322 [INFO] Selected move: b8c6
2025-11-15 19:17:56,322 [INFO] Score: 1.20
2025-11-15 19:17:56,323 [INFO] Depth completed: 1
2025-11-15 19:17:56,323 [INFO] Nodes searched: 128
2025-11-15 19:17:56,323 [INFO] Top moves: [('b8c6', '0.047'), ('b8a6', '0.047'), ('g7h8', '0.047'), ('g7f8', '0.047'), ('g7h6', '0.047')]
2025-11-15 19:17:56,323 [INFO] ============================================================

2025-11-15 19:18:02,656 [INFO] Selected move: d5e6
2025-11-15 19:18:02,656 [INFO] Score: 0.00
2025-11-15 19:18:02,656 [INFO] Depth completed: 0
2025-11-15 19:18:02,656 [INFO] Nodes searched: 88
2025-11-15 19:18:02,657 [INFO] Top moves: [('d5e6', '1.000')]
2025-11-15 19:18:02,657 [INFO] ============================================================

2025-11-15 19:18:05,044 [INFO] Selected move: f6f5
2025-11-15 19:18:05,044 [INFO] Score: -1.81
2025-11-15 19:18:05,044 [INFO] Depth completed: 1
2025-11-15 19:18:05,045 [INFO] Nodes searched: 117
2025-11-15 19:18:05,045 [INFO] Top moves: [('f6f5', '0.112'), ('e6e5', '0.112'), ('h7h5', '0.112'), ('b7b5', '0.112'), ('a7a5', '0.112')]
2025-11-15 19:18:05,045 [INFO] ============================================================

2025-11-15 19:18:13,061 [INFO] Selected move: f8g8
2025-11-15 19:18:13,062 [INFO] Score: 0.00
2025-11-15 19:18:13,062 [INFO] Depth completed: 0
2025-11-15 19:18:13,062 [INFO] Nodes searched: 75
2025-11-15 19:18:13,062 [INFO] Top moves: [('f8g8', '1.000')]
2025-11-15 19:18:13,062 [INFO] ============================================================

2025-11-15 19:18:18,127 [INFO] Selected move: c6e5
2025-11-15 19:18:18,128 [INFO] Score: -1.94
2025-11-15 19:18:18,128 [INFO] Depth completed: 1
2025-11-15 19:18:18,128 [INFO] Nodes searched: 113
2025-11-15 19:18:18,128 [INFO] Top moves: [('c6e5', '0.030'), ('g7e5', '0.030'), ('c6d4', '0.030'), ('d8d4', '0.030'), ('d8d5', '0.030')]
2025-11-15 19:18:18,128 [INFO] ============================================================

2025-11-15 19:18:20,750 [INFO] Selected move: c8d7
2025-11-15 19:18:20,751 [INFO] Score: -3.66
2025-11-15 19:18:20,751 [INFO] Depth completed: 1
2025-11-15 19:18:20,751 [INFO] Nodes searched: 127
2025-11-15 19:18:20,752 [INFO] Top moves: [('c8d7', '0.042'), ('a8b8', '0.042'), ('g7h8', '0.042'), ('g7f8', '0.042'), ('g7h6', '0.042')]
2025-11-15 19:18:20,752 [INFO] ============================================================

2025-11-15 19:18:26,727 [INFO] Selected move: d8g5
2025-11-15 19:18:26,727 [INFO] Score: 3.14
2025-11-15 19:18:26,727 [INFO] Depth completed: 1
2025-11-15 19:18:26,727 [INFO] Nodes searched: 138
2025-11-15 19:18:26,728 [INFO] Top moves: [('d8g5', '0.033'), ('d7c6', '0.033'), ('g8h8', '0.033'), ('g8f8', '0.033'), ('d8f8', '0.033')]
2025-11-15 19:18:26,728 [INFO] ============================================================

2025-11-15 19:18:32,670 [INFO] Selected move: d7c6
2025-11-15 19:18:32,670 [INFO] Score: 9.92
2025-11-15 19:18:32,670 [INFO] Depth completed: 1
2025-11-15 19:18:32,671 [INFO] Nodes searched: 134
2025-11-15 19:18:32,671 [INFO] Top moves: [('d7c6', '0.026'), ('g5g2', '0.026'), ('g5g1', '0.026'), ('g8h8', '0.026'), ('g8f8', '0.026')]
2025-11-15 19:18:32,671 [INFO] ============================================================

2025-11-15 19:18:39,060 [INFO] Selected move: g5h5
2025-11-15 19:18:39,061 [INFO] Score: 6.27
2025-11-15 19:18:39,061 [INFO] Depth completed: 1
2025-11-15 19:18:39,061 [INFO] Nodes searched: 120
2025-11-15 19:18:39,061 [INFO] Top moves: [('g5h5', '0.024'), ('c6f3', '0.024'), ('g7e5', '0.024'), ('g5g2', '0.024'), ('g5g1', '0.024')]
2025-11-15 19:18:39,062 [INFO] ============================================================

2025-11-15 19:18:45,597 [INFO] Selected move: h5h4
2025-11-15 19:18:45,598 [INFO] Score: 9.48
2025-11-15 19:18:45,598 [INFO] Depth completed: 1
2025-11-15 19:18:45,598 [INFO] Nodes searched: 120
2025-11-15 19:18:45,598 [INFO] Top moves: [('h5h4', '0.089'), ('h5g4', '0.089'), ('h5h3', '0.089'), ('h7h6', '0.089'), ('f7f6', '0.089')]
2025-11-15 19:18:45,598 [INFO] ============================================================

2025-11-15 19:18:50,841 [INFO] Selected move: g8h8
2025-11-15 19:18:50,841 [INFO] Score: 7.30
2025-11-15 19:18:50,842 [INFO] Depth completed: 1
2025-11-15 19:18:50,842 [INFO] Nodes searched: 129
2025-11-15 19:18:50,842 [INFO] Top moves: [('g8h8', '0.026'), ('g8f8', '0.026'), ('a8f8', '0.026'), ('a8e8', '0.026'), ('a8d8', '0.026')]
2025-11-15 19:18:50,842 [INFO] ============================================================

2025-11-15 19:18:55,518 [INFO] Selected move: g7e5
2025-11-15 19:18:55,519 [INFO] Score: 6.96
2025-11-15 19:18:55,519 [INFO] Depth completed: 1
2025-11-15 19:18:55,519 [INFO] Nodes searched: 128
2025-11-15 19:18:55,519 [INFO] Top moves: [('g7e5', '0.025'), ('h4h2', '0.025'), ('h8g8', '0.025'), ('a8g8', '0.025'), ('a8f8', '0.025')]
2025-11-15 19:18:55,520 [INFO] ============================================================

2025-11-15 19:19:59,066 [INFO] Selected move: a8g8
2025-11-15 19:19:59,067 [INFO] Score: 16.11
2025-11-15 19:19:59,067 [INFO] Depth completed: 1
2025-11-15 19:19:59,067 [INFO] Nodes searched: 124
2025-11-15 19:19:59,067 [INFO] Top moves: [('a8g8', '0.999'), ('h8g8', '0.001')]
2025-11-15 19:19:59,068 [INFO] ============================================================

2025-11-15 19:20:09,101 [INFO] Selected move: h8g7
2025-11-15 19:20:09,101 [INFO] Score: 0.00
2025-11-15 19:20:09,101 [INFO] Depth completed: 0
2025-11-15 19:20:09,102 [INFO] Nodes searched: 100
2025-11-15 19:20:09,102 [INFO] Top moves: [('h8g7', '1.000')]
2025-11-15 19:20:09,102 [INFO] ============================================================

2025-11-15 20:51:26,235 [DEBUG] Search allocated 1020ms of 1200ms budget
2025-11-15 20:51:27,256 [WARNING] Search timed out at depth 2 after 1021.6ms (limit: 1200ms)
2025-11-15 20:51:27,256 [INFO] Selected move: d8h4
2025-11-15 20:51:27,257 [INFO] Score: 1.94
2025-11-15 20:51:27,257 [INFO] Depth completed: 1
2025-11-15 20:51:27,257 [INFO] Nodes searched: 160
2025-11-15 20:51:27,258 [INFO] Top moves: [('d8h4', '0.034'), ('g8e7', '0.034'), ('g8h6', '0.034'), ('g8f6', '0.034'), ('f8e7', '0.034')]
2025-11-15 20:51:27,258 [INFO] ============================================================

2025-11-15 20:51:29,931 [DEBUG] Search allocated 1020ms of 1200ms budget
2025-11-15 20:51:30,968 [WARNING] Search timed out at depth 1 after 1036.8ms (limit: 1200ms)
2025-11-15 20:51:30,968 [WARNING] No move found after search! Elapsed: 1037.4ms, Nodes: 69
2025-11-15 20:51:30,969 [WARNING] Falling back to first legal move: g1h3
2025-11-15 20:51:30,969 [INFO] Selected move: g1h3
2025-11-15 20:51:30,969 [INFO] Score: 0.00
2025-11-15 20:51:30,970 [INFO] Depth completed: 0
2025-11-15 20:51:30,970 [INFO] Nodes searched: 69
2025-11-15 20:51:30,970 [INFO] Top moves: [('g1h3', '1.000')]
2025-11-15 20:51:30,970 [INFO] ============================================================

2025-11-15 20:54:39,537 [DEBUG] Search allocated 1020ms of 1200ms budget
2025-11-15 20:54:40,562 [WARNING] Search timed out at depth 2 after 1025.2ms (limit: 1200ms)
2025-11-15 20:54:40,563 [INFO] Selected move: d7d5
2025-11-15 20:54:40,563 [INFO] Score: -0.43
2025-11-15 20:54:40,563 [INFO] Depth completed: 1
2025-11-15 20:54:40,563 [INFO] Nodes searched: 164
2025-11-15 20:54:40,564 [INFO] Top moves: [('d7d5', '0.054'), ('c7c5', '0.054'), ('b7b5', '0.054'), ('a7a5', '0.054'), ('b8c6', '0.052')]
2025-11-15 20:54:40,564 [INFO] ============================================================

2025-11-15 20:54:47,332 [DEBUG] Search allocated 1020ms of 1200ms budget
2025-11-15 20:54:48,368 [WARNING] Search timed out at depth 2 after 1035.3ms (limit: 1200ms)
2025-11-15 20:54:48,368 [INFO] Selected move: e7e5
2025-11-15 20:54:48,369 [INFO] Score: -0.49
2025-11-15 20:54:48,369 [INFO] Depth completed: 1
2025-11-15 20:54:48,369 [INFO] Nodes searched: 104
2025-11-15 20:54:48,370 [INFO] Top moves: [('e7e5', '0.060'), ('c7c5', '0.060'), ('b7b5', '0.060'), ('a7a5', '0.060'), ('g7g6', '0.035')]
2025-11-15 20:54:48,370 [INFO] ============================================================

2025-11-15 20:54:49,790 [DEBUG] Search allocated 1020ms of 1200ms budget
2025-11-15 20:54:50,823 [WARNING] Search timed out at depth 2 after 1033.2ms (limit: 1200ms)
2025-11-15 20:54:50,824 [INFO] Selected move: g8f6
2025-11-15 20:54:50,824 [INFO] Score: -0.50
2025-11-15 20:54:50,825 [INFO] Depth completed: 1
2025-11-15 20:54:50,825 [INFO] Nodes searched: 109
2025-11-15 20:54:50,825 [INFO] Top moves: [('g8f6', '0.027'), ('f8e7', '0.027'), ('f8d6', '0.027'), ('f8c5', '0.027'), ('f8b4', '0.027')]
2025-11-15 20:54:50,825 [INFO] ============================================================

2025-11-15 20:54:53,378 [DEBUG] Search allocated 1020ms of 1200ms budget
2025-11-15 20:54:54,410 [WARNING] Search timed out at depth 2 after 1031.2ms (limit: 1200ms)
2025-11-15 20:54:54,410 [INFO] Selected move: d8d5
2025-11-15 20:54:54,410 [INFO] Score: 0.04
2025-11-15 20:54:54,410 [INFO] Depth completed: 1
2025-11-15 20:54:54,411 [INFO] Nodes searched: 123
2025-11-15 20:54:54,411 [INFO] Top moves: [('d8d5', '0.029'), ('h8g8', '0.029'), ('f8e7', '0.029'), ('f8d6', '0.029'), ('f8c5', '0.029')]
2025-11-15 20:54:54,411 [INFO] ============================================================

2025-11-15 20:54:57,376 [DEBUG] Search allocated 1020ms of 1200ms budget
2025-11-15 20:54:58,396 [WARNING] Search timed out at depth 2 after 1020.4ms (limit: 1200ms)
2025-11-15 20:54:58,396 [INFO] Selected move: d5e5
2025-11-15 20:54:58,397 [INFO] Score: 3.76
2025-11-15 20:54:58,397 [INFO] Depth completed: 1
2025-11-15 20:54:58,397 [INFO] Nodes searched: 121
2025-11-15 20:54:58,397 [INFO] Top moves: [('d5e5', '0.020'), ('d5d2', '0.020'), ('d5g2', '0.020'), ('d5a2', '0.020'), ('d5e4', '0.020')]
2025-11-15 20:54:58,398 [INFO] ============================================================

2025-11-15 20:55:00,316 [DEBUG] Search allocated 1020ms of 1200ms budget
2025-11-15 20:55:01,355 [WARNING] Search timed out at depth 2 after 1038.8ms (limit: 1200ms)
2025-11-15 20:55:01,355 [INFO] Selected move: f8d6
2025-11-15 20:55:01,356 [INFO] Score: 4.40
2025-11-15 20:55:01,356 [INFO] Depth completed: 1
2025-11-15 20:55:01,356 [INFO] Nodes searched: 122
2025-11-15 20:55:01,356 [INFO] Top moves: [('f8d6', '0.022'), ('f8c5', '0.022'), ('f8b4', '0.022'), ('f8a3', '0.022'), ('e8d8', '0.022')]
2025-11-15 20:55:01,356 [INFO] ============================================================

2025-11-15 20:55:03,839 [DEBUG] Search allocated 1020ms of 1200ms budget
2025-11-15 20:55:04,863 [WARNING] Search timed out at depth 2 after 1024.2ms (limit: 1200ms)
2025-11-15 20:55:04,864 [INFO] Selected move: e5h2
2025-11-15 20:55:04,864 [INFO] Score: 8.80
2025-11-15 20:55:04,864 [INFO] Depth completed: 1
2025-11-15 20:55:04,864 [INFO] Nodes searched: 125
2025-11-15 20:55:04,865 [INFO] Top moves: [('e5h2', '0.020'), ('h8g8', '0.020'), ('h8f8', '0.020'), ('e8f8', '0.020'), ('e8d8', '0.020')]
2025-11-15 20:55:04,865 [INFO] ============================================================

2025-11-15 20:55:11,414 [DEBUG] Search allocated 1020ms of 1200ms budget
2025-11-15 20:55:12,444 [WARNING] Search timed out at depth 2 after 1030.3ms (limit: 1200ms)
2025-11-15 20:55:12,445 [INFO] Selected move: g8h6
2025-11-15 20:55:12,445 [INFO] Score: -0.30
2025-11-15 20:55:12,445 [INFO] Depth completed: 1
2025-11-15 20:55:12,445 [INFO] Nodes searched: 128
2025-11-15 20:55:12,446 [INFO] Top moves: [('g8h6', '0.050'), ('g8f6', '0.050'), ('b8c6', '0.050'), ('b8a6', '0.050'), ('h7h6', '0.050')]
2025-11-15 20:55:12,446 [INFO] ============================================================

2025-11-15 20:55:17,193 [DEBUG] Search allocated 1020ms of 1200ms budget
2025-11-15 20:55:18,224 [WARNING] Search timed out at depth 2 after 1030.2ms (limit: 1200ms)
2025-11-15 20:55:18,224 [INFO] Selected move: d7d5
2025-11-15 20:55:18,224 [INFO] Score: -1.03
2025-11-15 20:55:18,224 [INFO] Depth completed: 1
2025-11-15 20:55:18,225 [INFO] Nodes searched: 111
2025-11-15 20:55:18,225 [INFO] Top moves: [('d7d5', '0.100'), ('c7c5', '0.100'), ('b7b5', '0.100'), ('a7a5', '0.100'), ('c7c6', '0.049')]
2025-11-15 20:55:18,225 [INFO] ============================================================

2025-11-15 20:55:38,342 [DEBUG] Search allocated 1020ms of 1200ms budget
2025-11-15 20:55:39,363 [WARNING] Search timed out at depth 2 after 1020.5ms (limit: 1200ms)
2025-11-15 20:55:39,363 [INFO] Selected move: h6f5
2025-11-15 20:55:39,363 [INFO] Score: -1.67
2025-11-15 20:55:39,364 [INFO] Depth completed: 1
2025-11-15 20:55:39,365 [INFO] Nodes searched: 99
2025-11-15 20:55:39,366 [INFO] Top moves: [('h6f5', '0.052'), ('h6g4', '0.052'), ('g7g6', '0.052'), ('f7f6', '0.052'), ('e7e6', '0.052')]
2025-11-15 20:55:39,366 [INFO] ============================================================

2025-11-15 20:55:48,124 [DEBUG] Search allocated 1020ms of 1200ms budget
2025-11-15 20:55:49,146 [WARNING] Search timed out at depth 2 after 1021.2ms (limit: 1200ms)
2025-11-15 20:55:49,146 [INFO] Selected move: g7g6
2025-11-15 20:55:49,146 [INFO] Score: -1.65
2025-11-15 20:55:49,147 [INFO] Depth completed: 1
2025-11-15 20:55:49,147 [INFO] Nodes searched: 112
2025-11-15 20:55:49,147 [INFO] Top moves: [('g7g6', '0.052'), ('f7f6', '0.052'), ('e7e6', '0.052'), ('c7c6', '0.052'), ('b7b6', '0.052')]
2025-11-15 20:55:49,147 [INFO] ============================================================

2025-11-15 20:56:02,618 [DEBUG] Search allocated 1020ms of 1200ms budget
2025-11-15 20:56:03,641 [WARNING] Search timed out at depth 2 after 1022.8ms (limit: 1200ms)
2025-11-15 20:56:03,641 [INFO] Selected move: f8g7
2025-11-15 20:56:03,642 [INFO] Score: -1.35
2025-11-15 20:56:03,642 [INFO] Depth completed: 1
2025-11-15 20:56:03,642 [INFO] Nodes searched: 122
2025-11-15 20:56:03,642 [INFO] Top moves: [('f8g7', '0.036'), ('f8h6', '0.036'), ('e8d7', '0.036'), ('d8d7', '0.036'), ('d8d6', '0.036')]
2025-11-15 20:56:03,643 [INFO] ============================================================

2025-11-15 20:56:09,413 [DEBUG] Search allocated 1020ms of 1200ms budget
2025-11-15 20:56:10,436 [WARNING] Search timed out at depth 2 after 1023.2ms (limit: 1200ms)
2025-11-15 20:56:10,436 [INFO] Selected move: f5e3
2025-11-15 20:56:10,436 [INFO] Score: -0.25
2025-11-15 20:56:10,437 [INFO] Depth completed: 1
2025-11-15 20:56:10,437 [INFO] Nodes searched: 119
2025-11-15 20:56:10,437 [INFO] Top moves: [('f5e3', '0.028'), ('f5d4', '0.028'), ('g7d4', '0.028'), ('d8d5', '0.028'), ('h8g8', '0.028')]
2025-11-15 20:56:10,437 [INFO] ============================================================

2025-11-15 20:56:11,958 [DEBUG] Search allocated 1020ms of 1200ms budget
2025-11-15 20:56:12,988 [WARNING] Search timed out at depth 2 after 1030.0ms (limit: 1200ms)
2025-11-15 20:56:12,989 [INFO] Selected move: e8g8
2025-11-15 20:56:12,990 [INFO] Score: -0.60
2025-11-15 20:56:12,990 [INFO] Depth completed: 1
2025-11-15 20:56:12,991 [INFO] Nodes searched: 113
2025-11-15 20:56:12,992 [INFO] Top moves: [('e8g8', '0.041'), ('h7h6', '0.041'), ('f7f6', '0.041'), ('e7e6', '0.041'), ('c7c6', '0.041')]
2025-11-15 20:56:12,992 [INFO] ============================================================

2025-11-15 20:56:15,529 [DEBUG] Search allocated 1020ms of 1200ms budget
2025-11-15 20:56:16,575 [WARNING] Search timed out at depth 2 after 1045.1ms (limit: 1200ms)
2025-11-15 20:56:16,576 [INFO] Selected move: a7a5
2025-11-15 20:56:16,576 [INFO] Score: -0.30
2025-11-15 20:56:16,576 [INFO] Depth completed: 1
2025-11-15 20:56:16,576 [INFO] Nodes searched: 104
2025-11-15 20:56:16,576 [INFO] Top moves: [('a7a5', '0.040'), ('b8d7', '0.036'), ('b8c6', '0.036'), ('b8a6', '0.036'), ('g7h8', '0.036')]
2025-11-15 20:56:16,577 [INFO] ============================================================

2025-11-15 20:56:24,696 [DEBUG] Search allocated 1020ms of 1200ms budget
2025-11-15 20:56:25,763 [WARNING] Search timed out at depth 2 after 1067.6ms (limit: 1200ms)
2025-11-15 20:56:25,766 [INFO] Selected move: a5a4
2025-11-15 20:56:25,766 [INFO] Score: -0.55
2025-11-15 20:56:25,766 [INFO] Depth completed: 1
2025-11-15 20:56:25,767 [INFO] Nodes searched: 97
2025-11-15 20:56:25,767 [INFO] Top moves: [('a5a4', '0.057'), ('h7h5', '0.057'), ('f7f5', '0.057'), ('e7e5', '0.057'), ('c7c5', '0.057')]
2025-11-15 20:56:25,767 [INFO] ============================================================

2025-11-15 20:56:33,120 [DEBUG] Search allocated 1020ms of 1200ms budget
2025-11-15 20:56:39,648 [WARNING] Search timed out at depth 2 after 6527.9ms (limit: 1200ms)
2025-11-15 20:56:39,648 [INFO] Selected move: b7b5
2025-11-15 20:56:39,648 [INFO] Score: -1.37
2025-11-15 20:56:39,648 [INFO] Depth completed: 1
2025-11-15 20:56:39,649 [INFO] Nodes searched: 542
2025-11-15 20:56:39,649 [INFO] Top moves: [('b7b5', '0.068'), ('c8f5', '0.037'), ('c8g4', '0.037'), ('c8h3', '0.037'), ('b8d7', '0.037')]
2025-11-15 20:56:39,649 [INFO] ============================================================

2025-11-15 20:56:44,269 [DEBUG] Search allocated 1020ms of 1200ms budget
2025-11-15 20:56:50,010 [WARNING] Search timed out at depth 2 after 5741.1ms (limit: 1200ms)
2025-11-15 20:56:50,011 [INFO] Selected move: a8a6
2025-11-15 20:56:50,011 [INFO] Score: -0.23
2025-11-15 20:56:50,011 [INFO] Depth completed: 1
2025-11-15 20:56:50,011 [INFO] Nodes searched: 474
2025-11-15 20:56:50,012 [INFO] Top moves: [('a8a6', '0.052'), ('a8a5', '0.052'), ('g7h8', '0.052'), ('g7h6', '0.052'), ('g7f6', '0.052')]
2025-11-15 20:56:50,012 [INFO] ============================================================

2025-11-15 20:56:54,516 [DEBUG] Search allocated 1020ms of 1200ms budget
2025-11-15 20:56:56,408 [WARNING] Search timed out at depth 2 after 1892.2ms (limit: 1200ms)
2025-11-15 20:56:56,409 [INFO] Selected move: d8d5
2025-11-15 20:56:56,409 [INFO] Score: 0.13
2025-11-15 20:56:56,409 [INFO] Depth completed: 1
2025-11-15 20:56:56,409 [INFO] Nodes searched: 152
2025-11-15 20:56:56,410 [INFO] Top moves: [('d8d5', '0.029'), ('g8h8', '0.029'), ('f8e8', '0.029'), ('d8e8', '0.029'), ('d8d7', '0.029')]
2025-11-15 20:56:56,410 [INFO] ============================================================

2025-11-15 20:57:11,204 [DEBUG] Search allocated 1020ms of 1200ms budget
2025-11-15 20:57:14,669 [WARNING] Search timed out at depth 2 after 3465.1ms (limit: 1200ms)
2025-11-15 20:57:14,669 [INFO] Selected move: d5d8
2025-11-15 20:57:14,669 [INFO] Score: 0.56
2025-11-15 20:57:14,669 [INFO] Depth completed: 1
2025-11-15 20:57:14,670 [INFO] Nodes searched: 299
2025-11-15 20:57:14,670 [INFO] Top moves: [('d5d8', '0.027'), ('d5a8', '0.027'), ('d5d7', '0.027'), ('d5b7', '0.027'), ('d5e6', '0.027')]
2025-11-15 20:57:14,670 [INFO] ============================================================

2025-11-15 20:57:28,382 [DEBUG] Search allocated 1020ms of 1200ms budget
2025-11-15 20:57:32,565 [WARNING] Search timed out at depth 2 after 4182.7ms (limit: 1200ms)
2025-11-15 20:57:32,565 [INFO] Selected move: a6a5
2025-11-15 20:57:32,566 [INFO] Score: 0.16
2025-11-15 20:57:32,566 [INFO] Depth completed: 1
2025-11-15 20:57:32,566 [INFO] Nodes searched: 335
2025-11-15 20:57:32,566 [INFO] Top moves: [('a6a5', '0.052'), ('h7h6', '0.052'), ('f7f6', '0.052'), ('e7e6', '0.052'), ('c7c6', '0.052')]
2025-11-15 20:57:32,566 [INFO] ============================================================

2025-11-15 20:57:36,863 [DEBUG] Search allocated 1020ms of 1200ms budget
2025-11-15 20:57:37,894 [WARNING] Search timed out at depth 2 after 1030.3ms (limit: 1200ms)
2025-11-15 20:57:37,894 [INFO] Selected move: g7d4
2025-11-15 20:57:37,895 [INFO] Score: 0.95
2025-11-15 20:57:37,895 [INFO] Depth completed: 1
2025-11-15 20:57:37,895 [INFO] Nodes searched: 102
2025-11-15 20:57:37,895 [INFO] Top moves: [('g7d4', '0.028'), ('d8d4', '0.028'), ('g8h8', '0.028'), ('f8e8', '0.028'), ('d8e8', '0.028')]
2025-11-15 20:57:37,895 [INFO] ============================================================

2025-11-15 20:58:02,683 [DEBUG] Search allocated 1020ms of 1200ms budget
2025-11-15 20:58:03,709 [WARNING] Search timed out at depth 2 after 1025.5ms (limit: 1200ms)
2025-11-15 20:58:03,709 [INFO] Selected move: d8d4
2025-11-15 20:58:03,709 [INFO] Score: 0.95
2025-11-15 20:58:03,710 [INFO] Depth completed: 1
2025-11-15 20:58:03,710 [INFO] Nodes searched: 117
2025-11-15 20:58:03,710 [INFO] Top moves: [('d8d4', '0.032'), ('g8h8', '0.032'), ('g8g7', '0.032'), ('f8e8', '0.032'), ('d8e8', '0.032')]
2025-11-15 20:58:03,710 [INFO] ============================================================

2025-11-15 20:58:10,735 [DEBUG] Search allocated 1020ms of 1200ms budget
2025-11-15 20:58:11,762 [WARNING] Search timed out at depth 2 after 1026.1ms (limit: 1200ms)
2025-11-15 20:58:11,762 [INFO] Selected move: d4c5
2025-11-15 20:58:11,762 [INFO] Score: 3.01
2025-11-15 20:58:11,762 [INFO] Depth completed: 1
2025-11-15 20:58:11,763 [INFO] Nodes searched: 116
2025-11-15 20:58:11,763 [INFO] Top moves: [('d4c5', '0.022'), ('d4c3', '0.022'), ('g8h8', '0.022'), ('g8g7', '0.022'), ('f8e8', '0.022')]
2025-11-15 20:58:11,763 [INFO] ============================================================

2025-11-15 20:58:21,095 [DEBUG] Search allocated 1020ms of 1200ms budget
2025-11-15 20:58:22,713 [WARNING] Search timed out at depth 2 after 1617.4ms (limit: 1200ms)
2025-11-15 20:58:22,713 [INFO] Selected move: a4a3
2025-11-15 20:58:22,713 [INFO] Score: 2.72
2025-11-15 20:58:22,714 [INFO] Depth completed: 1
2025-11-15 20:58:22,714 [INFO] Nodes searched: 149
2025-11-15 20:58:22,714 [INFO] Top moves: [('a4a3', '0.031'), ('h7h5', '0.031'), ('f7f5', '0.031'), ('e7e5', '0.031'), ('b8c6', '0.027')]
2025-11-15 20:58:22,714 [INFO] ============================================================

2025-11-15 20:58:25,725 [DEBUG] Search allocated 1020ms of 1200ms budget
2025-11-15 20:58:26,757 [WARNING] Search timed out at depth 2 after 1031.7ms (limit: 1200ms)
2025-11-15 20:58:26,757 [INFO] Selected move: c5c3
2025-11-15 20:58:26,757 [INFO] Score: 5.05
2025-11-15 20:58:26,757 [INFO] Depth completed: 1
2025-11-15 20:58:26,758 [INFO] Nodes searched: 98
2025-11-15 20:58:26,758 [INFO] Top moves: [('c5c3', '0.024'), ('g8h8', '0.024'), ('g8g7', '0.024'), ('f8e8', '0.024'), ('f8d8', '0.024')]
2025-11-15 20:58:26,758 [INFO] ============================================================

2025-11-15 20:58:31,032 [DEBUG] Search allocated 1020ms of 1200ms budget
2025-11-15 20:58:32,622 [WARNING] Search timed out at depth 2 after 1589.6ms (limit: 1200ms)
2025-11-15 20:58:32,623 [INFO] Selected move: a5g5
2025-11-15 20:58:32,623 [INFO] Score: 5.23
2025-11-15 20:58:32,623 [INFO] Depth completed: 1
2025-11-15 20:58:32,623 [INFO] Nodes searched: 151
2025-11-15 20:58:32,623 [INFO] Top moves: [('a5g5', '0.030'), ('a5f5', '0.030'), ('a5e5', '0.030'), ('a5d5', '0.030'), ('a5c5', '0.030')]
2025-11-15 20:58:32,624 [INFO] ============================================================

2025-11-15 20:58:39,101 [DEBUG] Search allocated 1020ms of 1200ms budget
2025-11-15 20:58:40,569 [WARNING] Search timed out at depth 2 after 1467.6ms (limit: 1200ms)
2025-11-15 20:58:40,569 [INFO] Selected move: f7f5
2025-11-15 20:58:40,569 [INFO] Score: 5.67
2025-11-15 20:58:40,570 [INFO] Depth completed: 1
2025-11-15 20:58:40,570 [INFO] Nodes searched: 140
2025-11-15 20:58:40,570 [INFO] Top moves: [('f7f5', '0.058'), ('e7e5', '0.058'), ('c7c5', '0.058'), ('c8h3', '0.024'), ('b8d7', '0.024')]
2025-11-15 20:58:40,570 [INFO] ============================================================

2025-11-15 20:58:49,469 [DEBUG] Search allocated 1020ms of 1200ms budget
2025-11-15 20:58:50,499 [WARNING] Search timed out at depth 2 after 1029.5ms (limit: 1200ms)
2025-11-15 20:58:50,499 [INFO] Selected move: c3c4
2025-11-15 20:58:50,499 [INFO] Score: 0.06
2025-11-15 20:58:50,500 [INFO] Depth completed: 1
2025-11-15 20:58:50,500 [INFO] Nodes searched: 107
2025-11-15 20:58:50,500 [INFO] Top moves: [('c3c4', '0.167'), ('g8h8', '0.167'), ('g8g7', '0.167'), ('f8f7', '0.167'), ('c8e6', '0.167')]
2025-11-15 20:58:50,500 [INFO] ============================================================

2025-11-15 20:58:52,010 [DEBUG] Search allocated 1020ms of 1200ms budget
2025-11-15 20:58:53,519 [WARNING] Search timed out at depth 2 after 1508.1ms (limit: 1200ms)
2025-11-15 20:58:53,519 [INFO] Selected move: f5f4
2025-11-15 20:58:53,519 [INFO] Score: -0.78
2025-11-15 20:58:53,519 [INFO] Depth completed: 1
2025-11-15 20:58:53,519 [INFO] Nodes searched: 115
2025-11-15 20:58:53,520 [INFO] Top moves: [('f5f4', '0.099'), ('h7h5', '0.099'), ('e7e5', '0.099'), ('c7c5', '0.099'), ('h7h6', '0.068')]
2025-11-15 20:58:53,520 [INFO] ============================================================

2025-11-15 20:59:05,692 [DEBUG] Search allocated 1020ms of 1200ms budget
2025-11-15 20:59:07,976 [WARNING] Search timed out at depth 2 after 2283.4ms (limit: 1200ms)
2025-11-15 20:59:07,976 [INFO] Selected move: g5g3
2025-11-15 20:59:07,976 [INFO] Score: -0.86
2025-11-15 20:59:07,976 [INFO] Depth completed: 1
2025-11-15 20:59:07,977 [INFO] Nodes searched: 192
2025-11-15 20:59:07,977 [INFO] Top moves: [('g5g3', '0.029'), ('g8h8', '0.029'), ('g8g7', '0.029'), ('g8f7', '0.029'), ('f8e8', '0.029')]
2025-11-15 20:59:07,977 [INFO] ============================================================

2025-11-15 20:59:09,823 [DEBUG] Search allocated 1020ms of 1200ms budget
2025-11-15 20:59:12,249 [WARNING] Search timed out at depth 2 after 2425.8ms (limit: 1200ms)
2025-11-15 20:59:12,249 [INFO] Selected move: b8c6
2025-11-15 20:59:12,249 [INFO] Score: -6.19
2025-11-15 20:59:12,249 [INFO] Depth completed: 1
2025-11-15 20:59:12,250 [INFO] Nodes searched: 205
2025-11-15 20:59:12,250 [INFO] Top moves: [('b8c6', '0.100'), ('b8a6', '0.100'), ('h7h6', '0.100'), ('e7e6', '0.100'), ('c7c6', '0.100')]
2025-11-15 20:59:12,250 [INFO] ============================================================

2025-11-15 20:59:14,494 [DEBUG] Search allocated 1020ms of 1200ms budget
2025-11-15 20:59:15,939 [WARNING] Search timed out at depth 2 after 1444.6ms (limit: 1200ms)
2025-11-15 20:59:15,939 [INFO] Selected move: c8f5
2025-11-15 20:59:15,939 [INFO] Score: -6.51
2025-11-15 20:59:15,940 [INFO] Depth completed: 1
2025-11-15 20:59:15,940 [INFO] Nodes searched: 103
2025-11-15 20:59:15,940 [INFO] Top moves: [('c8f5', '0.058'), ('c8g4', '0.058'), ('c8h3', '0.058'), ('c6d8', '0.058'), ('c6b8', '0.058')]
2025-11-15 20:59:15,940 [INFO] ============================================================

2025-11-15 20:59:17,984 [DEBUG] Search allocated 1020ms of 1200ms budget
2025-11-15 20:59:19,011 [WARNING] Search timed out at depth 2 after 1027.1ms (limit: 1200ms)
2025-11-15 20:59:19,011 [INFO] Selected move: f8b8
2025-11-15 20:59:19,012 [INFO] Score: -10.76
2025-11-15 20:59:19,012 [INFO] Depth completed: 1
2025-11-15 20:59:19,012 [INFO] Nodes searched: 109
2025-11-15 20:59:19,012 [INFO] Top moves: [('f8b8', '0.049'), ('f8a8', '0.049'), ('f8f7', '0.049'), ('f8f6', '0.049'), ('f5c8', '0.049')]
2025-11-15 20:59:19,013 [INFO] ============================================================

2025-11-15 20:59:21,040 [DEBUG] Search allocated 1020ms of 1200ms budget
2025-11-15 20:59:22,066 [WARNING] Search timed out at depth 2 after 1025.1ms (limit: 1200ms)
2025-11-15 20:59:22,066 [INFO] Selected move: b8e8
2025-11-15 20:59:22,066 [INFO] Score: -12.77
2025-11-15 20:59:22,066 [INFO] Depth completed: 1
2025-11-15 20:59:22,067 [INFO] Nodes searched: 94
2025-11-15 20:59:22,067 [INFO] Top moves: [('b8e8', '0.043'), ('b8d8', '0.043'), ('b8c8', '0.043'), ('b8a8', '0.043'), ('b8b7', '0.043')]
2025-11-15 20:59:22,067 [INFO] ============================================================

2025-11-15 20:59:25,012 [DEBUG] Search allocated 1020ms of 1200ms budget
2025-11-15 20:59:26,034 [WARNING] Search timed out at depth 2 after 1022.5ms (limit: 1200ms)
2025-11-15 20:59:26,035 [INFO] Selected move: g8f7
2025-11-15 20:59:26,035 [INFO] Score: -14.09
2025-11-15 20:59:26,035 [INFO] Depth completed: 1
2025-11-15 20:59:26,036 [INFO] Nodes searched: 99
2025-11-15 20:59:26,036 [INFO] Top moves: [('g8f7', '0.059'), ('e8f8', '0.059'), ('e8d8', '0.059'), ('e8c8', '0.059'), ('e8b8', '0.059')]
2025-11-15 20:59:26,036 [INFO] ============================================================

2025-11-15 20:59:29,726 [DEBUG] Search allocated 1020ms of 1200ms budget
2025-11-15 20:59:30,870 [WARNING] Search timed out at depth 2 after 1144.2ms (limit: 1200ms)
2025-11-15 20:59:30,870 [INFO] Selected move: h7h6
2025-11-15 20:59:30,871 [INFO] Score: -14.48
2025-11-15 20:59:30,871 [INFO] Depth completed: 1
2025-11-15 20:59:30,871 [INFO] Nodes searched: 89
2025-11-15 20:59:30,871 [INFO] Top moves: [('h7h6', '0.084'), ('e7e6', '0.084'), ('g6g5', '0.084'), ('h7h5', '0.084'), ('f7g8', '0.056')]
2025-11-15 20:59:30,872 [INFO] ============================================================

2025-11-15 20:59:35,009 [DEBUG] Search allocated 1020ms of 1200ms budget
2025-11-15 20:59:36,035 [WARNING] Search timed out at depth 2 after 1025.9ms (limit: 1200ms)
2025-11-15 20:59:36,035 [INFO] Selected move: e8c8
2025-11-15 20:59:36,036 [INFO] Score: -15.65
2025-11-15 20:59:36,036 [INFO] Depth completed: 1
2025-11-15 20:59:36,036 [INFO] Nodes searched: 89
2025-11-15 20:59:36,036 [INFO] Top moves: [('e8c8', '0.061'), ('e8b8', '0.061'), ('e8a8', '0.061'), ('f7g8', '0.061'), ('f7f8', '0.061')]
2025-11-15 20:59:36,037 [INFO] ============================================================

2025-11-15 20:59:39,948 [DEBUG] Search allocated 1020ms of 1200ms budget
2025-11-15 20:59:41,250 [WARNING] Search timed out at depth 2 after 1302.5ms (limit: 1200ms)
2025-11-15 20:59:41,251 [INFO] Selected move: c8e8
2025-11-15 20:59:41,251 [INFO] Score: -16.50
2025-11-15 20:59:41,251 [INFO] Depth completed: 1
2025-11-15 20:59:41,251 [INFO] Nodes searched: 105
2025-11-15 20:59:41,251 [INFO] Top moves: [('c8e8', '0.052'), ('c8d8', '0.052'), ('c8b8', '0.052'), ('c8a8', '0.052'), ('c8c7', '0.052')]
2025-11-15 20:59:41,252 [INFO] ============================================================

2025-11-15 20:59:43,501 [DEBUG] Search allocated 1020ms of 1200ms budget
2025-11-15 20:59:44,534 [WARNING] Search timed out at depth 2 after 1032.9ms (limit: 1200ms)
2025-11-15 20:59:44,535 [INFO] Selected move: f7g8
2025-11-15 20:59:44,535 [INFO] Score: -17.33
2025-11-15 20:59:44,535 [INFO] Depth completed: 1
2025-11-15 20:59:44,535 [INFO] Nodes searched: 93
2025-11-15 20:59:44,536 [INFO] Top moves: [('f7g8', '0.070'), ('f7f8', '0.070'), ('f5c8', '0.070'), ('f5d7', '0.070'), ('f5e6', '0.070')]
2025-11-15 20:59:44,536 [INFO] ============================================================

2025-11-15 20:59:48,823 [DEBUG] Search allocated 1020ms of 1200ms budget
2025-11-15 20:59:49,857 [WARNING] Search timed out at depth 2 after 1034.3ms (limit: 1200ms)
2025-11-15 20:59:49,858 [INFO] Selected move: e8e7
2025-11-15 20:59:49,858 [INFO] Score: -14.21
2025-11-15 20:59:49,858 [INFO] Depth completed: 1
2025-11-15 20:59:49,858 [INFO] Nodes searched: 118
2025-11-15 20:59:49,859 [INFO] Top moves: [('e8e7', '0.059'), ('f5c2', '0.059'), ('g8h8', '0.059'), ('e8f8', '0.059'), ('e8d8', '0.059')]
2025-11-15 20:59:49,859 [INFO] ============================================================

2025-11-15 20:59:50,179 [DEBUG] Search allocated 1020ms of 1200ms budget
2025-11-15 20:59:51,204 [WARNING] Search timed out at depth 2 after 1024.9ms (limit: 1200ms)
2025-11-15 20:59:51,205 [INFO] Selected move: h6h5
2025-11-15 20:59:51,205 [INFO] Score: -15.65
2025-11-15 20:59:51,205 [INFO] Depth completed: 1
2025-11-15 20:59:51,205 [INFO] Nodes searched: 119
2025-11-15 20:59:51,205 [INFO] Top moves: [('h6h5', '0.143'), ('g6g5', '0.143'), ('g8f8', '0.089'), ('f5c8', '0.089'), ('f5d7', '0.089')]
2025-11-15 20:59:51,206 [INFO] ============================================================

2025-11-15 20:59:54,568 [DEBUG] Search allocated 1020ms of 1200ms budget
2025-11-15 20:59:55,600 [WARNING] Search timed out at depth 2 after 1032.0ms (limit: 1200ms)
2025-11-15 20:59:55,601 [INFO] Selected move: f5d7
2025-11-15 20:59:55,601 [INFO] Score: -15.20
2025-11-15 20:59:55,601 [INFO] Depth completed: 1
2025-11-15 20:59:55,601 [INFO] Nodes searched: 104
2025-11-15 20:59:55,601 [INFO] Top moves: [('f5d7', '0.111'), ('f5e6', '0.111'), ('f5g4', '0.111'), ('f5e4', '0.111'), ('f5h3', '0.111')]
2025-11-15 20:59:55,602 [INFO] ============================================================

2025-11-15 20:59:57,212 [DEBUG] Search allocated 1020ms of 1200ms budget
2025-11-15 20:59:58,240 [WARNING] Search timed out at depth 2 after 1028.2ms (limit: 1200ms)
2025-11-15 20:59:58,240 [INFO] Selected move: g8f7
2025-11-15 20:59:58,240 [INFO] Score: -14.11
2025-11-15 20:59:58,241 [INFO] Depth completed: 1
2025-11-15 20:59:58,241 [INFO] Nodes searched: 93
2025-11-15 20:59:58,241 [INFO] Top moves: [('g8f7', '0.090'), ('d7e8', '0.090'), ('d7c8', '0.090'), ('d7e6', '0.090'), ('d7c6', '0.090')]
2025-11-15 20:59:58,241 [INFO] ============================================================

2025-11-15 21:00:01,833 [DEBUG] Search allocated 1020ms of 1200ms budget
2025-11-15 21:00:02,866 [WARNING] Search timed out at depth 2 after 1032.9ms (limit: 1200ms)
2025-11-15 21:00:02,867 [INFO] Selected move: d7h3
2025-11-15 21:00:02,867 [INFO] Score: -14.71
2025-11-15 21:00:02,867 [INFO] Depth completed: 1
2025-11-15 21:00:02,868 [INFO] Nodes searched: 87
2025-11-15 21:00:02,868 [INFO] Top moves: [('d7h3', '0.194'), ('h5h4', '0.194'), ('d7c8', '0.059'), ('d7e6', '0.059'), ('d7c6', '0.059')]
2025-11-15 21:00:02,868 [INFO] ============================================================

2025-11-15 21:00:04,324 [DEBUG] Search allocated 1020ms of 1200ms budget
2025-11-15 21:00:05,444 [WARNING] Search timed out at depth 2 after 1119.7ms (limit: 1200ms)
2025-11-15 21:00:05,444 [INFO] Selected move: h3d7
2025-11-15 21:00:05,444 [INFO] Score: -15.65
2025-11-15 21:00:05,445 [INFO] Depth completed: 1
2025-11-15 21:00:05,445 [INFO] Nodes searched: 84
2025-11-15 21:00:05,445 [INFO] Top moves: [('h3d7', '0.133'), ('h3e6', '0.133'), ('h3f5', '0.133'), ('h3g4', '0.133'), ('h3g2', '0.133')]
2025-11-15 21:00:05,445 [INFO] ============================================================

2025-11-15 21:00:08,343 [DEBUG] Search allocated 1020ms of 1200ms budget
2025-11-15 21:00:09,374 [WARNING] Search timed out at depth 2 after 1031.2ms (limit: 1200ms)
2025-11-15 21:00:09,375 [INFO] Selected move: d7f5
2025-11-15 21:00:09,375 [INFO] Score: -15.72
2025-11-15 21:00:09,375 [INFO] Depth completed: 1
2025-11-15 21:00:09,375 [INFO] Nodes searched: 94
2025-11-15 21:00:09,376 [INFO] Top moves: [('d7f5', '0.136'), ('d7b5', '0.136'), ('d7g4', '0.136'), ('d7a4', '0.136'), ('d7h3', '0.136')]
2025-11-15 21:00:09,376 [INFO] ============================================================

2025-11-15 21:00:11,331 [DEBUG] Search allocated 1020ms of 1200ms budget
2025-11-15 21:00:12,359 [WARNING] Search timed out at depth 2 after 1028.2ms (limit: 1200ms)
2025-11-15 21:00:12,359 [INFO] Selected move: h5h4
2025-11-15 21:00:12,360 [INFO] Score: -17.65
2025-11-15 21:00:12,360 [INFO] Depth completed: 1
2025-11-15 21:00:12,360 [INFO] Nodes searched: 82
2025-11-15 21:00:12,360 [INFO] Top moves: [('h5h4', '0.166'), ('f7f6', '0.070'), ('f7e6', '0.070'), ('f5c8', '0.070'), ('f5h7', '0.070')]
2025-11-15 21:00:12,361 [INFO] ============================================================

2025-11-15 21:00:14,470 [DEBUG] Search allocated 1020ms of 1200ms budget
2025-11-15 21:00:15,503 [WARNING] Search timed out at depth 2 after 1033.6ms (limit: 1200ms)
2025-11-15 21:00:15,504 [INFO] Selected move: f7e6
2025-11-15 21:00:15,504 [INFO] Score: -20.02
2025-11-15 21:00:15,504 [INFO] Depth completed: 1
2025-11-15 21:00:15,504 [INFO] Nodes searched: 120
2025-11-15 21:00:15,504 [INFO] Top moves: [('f7e6', '0.334'), ('f7e8', '0.333'), ('f7e7', '0.333')]
2025-11-15 21:00:15,505 [INFO] ============================================================

2025-11-15 21:00:17,620 [DEBUG] Search allocated 1020ms of 1200ms budget
2025-11-15 21:00:18,652 [WARNING] Search timed out at depth 3 after 1032.3ms (limit: 1200ms)
2025-11-15 21:00:18,652 [INFO] Selected move: h4g3
2025-11-15 21:00:18,653 [INFO] Score: -19.35
2025-11-15 21:00:18,653 [INFO] Depth completed: 2
2025-11-15 21:00:18,653 [INFO] Nodes searched: 113
2025-11-15 21:00:18,653 [INFO] Top moves: [('h4g3', '0.167'), ('e6f7', '0.167'), ('e6e7', '0.167'), ('e6d7', '0.167'), ('e6f6', '0.167')]
2025-11-15 21:00:18,654 [INFO] ============================================================

2025-11-15 21:00:19,971 [DEBUG] Search allocated 1020ms of 1200ms budget
2025-11-15 21:00:21,001 [WARNING] Search timed out at depth 2 after 1030.0ms (limit: 1200ms)
2025-11-15 21:00:21,001 [INFO] Selected move: e6d5
2025-11-15 21:00:21,001 [INFO] Score: -20.00
2025-11-15 21:00:21,002 [INFO] Depth completed: 1
2025-11-15 21:00:21,002 [INFO] Nodes searched: 118
2025-11-15 21:00:21,003 [INFO] Top moves: [('e6d5', '0.169'), ('e6f5', '0.166'), ('e6e7', '0.166'), ('e6d7', '0.166'), ('e6f6', '0.166')]
2025-11-15 21:00:21,003 [INFO] ============================================================

2025-11-15 21:00:22,401 [DEBUG] Search allocated 1020ms of 1200ms budget
2025-11-15 21:00:23,432 [WARNING] Search timed out at depth 2 after 1030.6ms (limit: 1200ms)
2025-11-15 21:00:23,432 [INFO] Selected move: d5c4
2025-11-15 21:00:23,433 [INFO] Score: -20.01
2025-11-15 21:00:23,433 [INFO] Depth completed: 1
2025-11-15 21:00:23,433 [INFO] Nodes searched: 117
2025-11-15 21:00:23,433 [INFO] Top moves: [('d5c4', '0.167'), ('d5e6', '0.167'), ('d5c6', '0.167'), ('d5e4', '0.167'), ('d5d4', '0.167')]
2025-11-15 21:00:23,433 [INFO] ============================================================

2025-11-15 21:00:24,010 [DEBUG] Search allocated 1020ms of 1200ms budget
2025-11-15 21:00:25,039 [WARNING] Search timed out at depth 2 after 1028.3ms (limit: 1200ms)
2025-11-15 21:00:25,039 [INFO] Selected move: c4b4
2025-11-15 21:00:25,039 [INFO] Score: -20.01
2025-11-15 21:00:25,039 [INFO] Depth completed: 1
2025-11-15 21:00:25,040 [INFO] Nodes searched: 91
2025-11-15 21:00:25,040 [INFO] Top moves: [('c4b4', '0.200'), ('c4b5', '0.200'), ('c4d4', '0.200'), ('c4d5', '0.200'), ('c4c5', '0.200')]
2025-11-15 21:00:25,040 [INFO] ============================================================

2025-11-15 21:00:25,841 [DEBUG] Search allocated 1020ms of 1200ms budget
2025-11-15 21:00:26,874 [WARNING] Search timed out at depth 2 after 1032.7ms (limit: 1200ms)
2025-11-15 21:00:26,875 [INFO] Selected move: b4b5
2025-11-15 21:00:26,875 [INFO] Score: -20.01
2025-11-15 21:00:26,875 [INFO] Depth completed: 1
2025-11-15 21:00:26,875 [INFO] Nodes searched: 97
2025-11-15 21:00:26,875 [INFO] Top moves: [('b4b5', '0.251'), ('b4c4', '0.251'), ('b4c5', '0.250'), ('b4a3', '0.249')]
2025-11-15 21:00:26,876 [INFO] ============================================================

2025-11-15 21:00:27,509 [DEBUG] Search allocated 1020ms of 1200ms budget
2025-11-15 21:00:28,531 [WARNING] Search timed out at depth 2 after 1021.7ms (limit: 1200ms)
2025-11-15 21:00:28,531 [INFO] Selected move: b5b4
2025-11-15 21:00:28,531 [INFO] Score: -20.01
2025-11-15 21:00:28,532 [INFO] Depth completed: 1
2025-11-15 21:00:28,532 [INFO] Nodes searched: 95
2025-11-15 21:00:28,532 [INFO] Top moves: [('b5b4', '0.251'), ('b5c6', '0.251'), ('b5c4', '0.251'), ('b5c5', '0.248')]
2025-11-15 21:00:28,532 [INFO] ============================================================

2025-11-15 21:00:30,053 [DEBUG] Search allocated 1020ms of 1200ms budget
2025-11-15 21:00:31,081 [WARNING] Search timed out at depth 2 after 1028.3ms (limit: 1200ms)
2025-11-15 21:00:31,081 [INFO] Selected move: b4a3
2025-11-15 21:00:31,082 [INFO] Score: -20.01
2025-11-15 21:00:31,082 [INFO] Depth completed: 1
2025-11-15 21:00:31,082 [INFO] Nodes searched: 73
2025-11-15 21:00:31,082 [INFO] Top moves: [('b4a3', '0.333'), ('b4b5', '0.333'), ('b4c4', '0.333')]
2025-11-15 21:00:31,082 [INFO] ============================================================

2025-11-15 21:00:35,457 [DEBUG] Search allocated 1020ms of 1200ms budget
2025-11-15 21:00:36,489 [WARNING] Search timed out at depth 2 after 1031.8ms (limit: 1200ms)
2025-11-15 21:00:36,489 [INFO] Selected move: a3b4
2025-11-15 21:00:36,489 [INFO] Score: -20.01
2025-11-15 21:00:36,490 [INFO] Depth completed: 1
2025-11-15 21:00:36,490 [INFO] Nodes searched: 103
2025-11-15 21:00:36,490 [INFO] Top moves: [('a3b4', '0.250'), ('a3a4', '0.250'), ('a3b2', '0.250'), ('a3a2', '0.249')]
2025-11-15 21:00:36,490 [INFO] ============================================================

2025-11-15 21:00:37,486 [DEBUG] Search allocated 1020ms of 1200ms budget
2025-11-15 21:00:38,519 [WARNING] Search timed out at depth 2 after 1033.5ms (limit: 1200ms)
2025-11-15 21:00:38,519 [INFO] Selected move: b4c5
2025-11-15 21:00:38,520 [INFO] Score: -20.01
2025-11-15 21:00:38,520 [INFO] Depth completed: 1
2025-11-15 21:00:38,520 [INFO] Nodes searched: 108
2025-11-15 21:00:38,520 [INFO] Top moves: [('b4c5', '0.200'), ('b4b5', '0.200'), ('b4a5', '0.200'), ('b4c4', '0.200'), ('b4a4', '0.200')]
2025-11-15 21:00:38,521 [INFO] ============================================================

2025-11-15 21:00:39,406 [DEBUG] Search allocated 1020ms of 1200ms budget
2025-11-15 21:00:40,436 [WARNING] Search timed out at depth 2 after 1029.7ms (limit: 1200ms)
2025-11-15 21:00:40,436 [INFO] Selected move: c5b4
2025-11-15 21:00:40,436 [INFO] Score: -20.01
2025-11-15 21:00:40,436 [INFO] Depth completed: 1
2025-11-15 21:00:40,437 [INFO] Nodes searched: 86
2025-11-15 21:00:40,437 [INFO] Top moves: [('c5b4', '0.167'), ('c5d6', '0.167'), ('c5b6', '0.167'), ('c5b5', '0.167'), ('c5d4', '0.167')]
2025-11-15 21:00:40,437 [INFO] ============================================================

2025-11-15 21:00:41,955 [DEBUG] Search allocated 1020ms of 1200ms budget
2025-11-15 21:00:42,976 [WARNING] Search timed out at depth 2 after 1021.2ms (limit: 1200ms)
2025-11-15 21:00:42,976 [INFO] Selected move: b4a5
2025-11-15 21:00:42,976 [INFO] Score: -20.01
2025-11-15 21:00:42,977 [INFO] Depth completed: 1
2025-11-15 21:00:42,977 [INFO] Nodes searched: 129
2025-11-15 21:00:42,977 [INFO] Top moves: [('b4a5', '0.333'), ('b4a4', '0.333'), ('b4b5', '0.333')]
2025-11-15 21:00:42,977 [INFO] ============================================================

2025-11-15 21:00:46,585 [DEBUG] Search allocated 1020ms of 1200ms budget
2025-11-15 21:00:47,613 [WARNING] Search timed out at depth 3 after 1028.6ms (limit: 1200ms)
2025-11-15 21:00:47,614 [INFO] Selected move: a5a4
2025-11-15 21:00:47,614 [INFO] Score: -20.01
2025-11-15 21:00:47,614 [INFO] Depth completed: 2
2025-11-15 21:00:47,615 [INFO] Nodes searched: 129
2025-11-15 21:00:47,615 [INFO] Top moves: [('a5a4', '1.000')]
2025-11-15 21:00:47,615 [INFO] ============================================================

2025-11-15 21:00:48,172 [DEBUG] Search allocated 1020ms of 1200ms budget
